{
  "RSpec": {
    "coverage": {
      "/home/developer/SocialMedia/app/models/chat.rb": [
        1,
        1,
        1,
        1,
        null
      ],
      "/home/developer/SocialMedia/app/models/comment.rb": [
        1,
        1,
        1,
        1,
        null
      ],
      "/home/developer/SocialMedia/app/models/post.rb": [
        1,
        1,
        1,
        1,
        1,
        1,
        null
      ],
      "/home/developer/SocialMedia/app/models/story.rb": [
        1,
        1,
        1,
        1,
        null,
        1,
        null,
        1,
        0,
        null,
        null
      ],
      "/home/developer/SocialMedia/app/channels/application_cable/channel.rb": [
        0,
        0,
        0,
        0
      ],
      "/home/developer/SocialMedia/app/channels/application_cable/connection.rb": [
        0,
        0,
        0,
        0
      ],
      "/home/developer/SocialMedia/app/channels/chat_channel.rb": [
        0,
        0,
        null,
        0,
        null,
        0,
        0,
        null,
        0,
        0,
        null,
        null,
        0,
        0,
        0
      ],
      "/home/developer/SocialMedia/app/controllers/application_controller.rb": [
        0,
        0
      ],
      "/home/developer/SocialMedia/app/controllers/chat_users_controller.rb": [
        0,
        0,
        0,
        null,
        0,
        null,
        0,
        0,
        0,
        null,
        0,
        null,
        0,
        0,
        0,
        0
      ],
      "/home/developer/SocialMedia/app/controllers/chats_controller.rb": [
        0,
        0,
        0,
        0,
        0,
        0,
        0,
        null,
        0,
        0,
        0,
        null,
        0,
        0,
        0,
        0,
        null,
        0,
        0,
        0,
        0,
        null,
        0,
        null,
        null,
        0,
        null,
        null,
        0,
        null,
        null,
        0,
        null,
        0,
        0,
        0,
        0,
        0,
        null,
        null,
        0,
        null,
        null,
        0,
        0,
        0,
        null,
        0,
        0,
        null,
        null,
        0,
        0,
        null,
        null,
        0,
        0,
        0,
        null,
        null,
        0,
        null,
        0,
        0,
        0
      ],
      "/home/developer/SocialMedia/app/controllers/comments_controller.rb": [
        0,
        0,
        0,
        null,
        0,
        0,
        0,
        null,
        0,
        0,
        0,
        null,
        0,
        0,
        0,
        0,
        0,
        0,
        0,
        0,
        null,
        0,
        0,
        0,
        null,
        0,
        null,
        0,
        0,
        0,
        0,
        0,
        0,
        null,
        0,
        0,
        0,
        0,
        null,
        0,
        null,
        0,
        0,
        0,
        null,
        0,
        0,
        0,
        null,
        0,
        0,
        0,
        0
      ],
      "/home/developer/SocialMedia/app/controllers/homes_controller.rb": [
        0,
        0,
        null,
        0,
        0,
        0,
        0,
        0,
        0,
        0,
        null,
        0,
        0,
        0,
        0
      ],
      "/home/developer/SocialMedia/app/controllers/likes_controller.rb": [
        0,
        0,
        null,
        0,
        0,
        0,
        0,
        0,
        0,
        0,
        null,
        0,
        null,
        0,
        0,
        0,
        0,
        0,
        0,
        null,
        0,
        0,
        0,
        0,
        0,
        null,
        0,
        null,
        0,
        0,
        0,
        null,
        0,
        0,
        0,
        0,
        0,
        0,
        0,
        0,
        0,
        0
      ],
      "/home/developer/SocialMedia/app/controllers/messages_controller.rb": [
        0,
        0,
        0,
        0,
        0,
        0,
        0,
        null,
        0,
        0,
        0,
        0,
        0,
        0,
        0,
        0,
        0,
        null,
        0,
        null,
        0,
        0,
        0,
        null,
        0
      ],
      "/home/developer/SocialMedia/app/controllers/posts_controller.rb": [
        0,
        0,
        0,
        null,
        0,
        0,
        0,
        null,
        0,
        0,
        0,
        null,
        0,
        0,
        0,
        null,
        0,
        0,
        0,
        null,
        0,
        0,
        0,
        0,
        0,
        0,
        null,
        0,
        0,
        0,
        null,
        0,
        0,
        0,
        0,
        0,
        0,
        0,
        null,
        0,
        0,
        0,
        0,
        null,
        0,
        null,
        0,
        0,
        0,
        null,
        0,
        0,
        0,
        null,
        0
      ],
      "/home/developer/SocialMedia/app/controllers/profiles_controller.rb": [
        0,
        0,
        null,
        0,
        0,
        0,
        null,
        0,
        0,
        0,
        0,
        null,
        0,
        0,
        null,
        0,
        0,
        0,
        null,
        0,
        0,
        0,
        0,
        null,
        0,
        0,
        0,
        null,
        0,
        0,
        0,
        null,
        0,
        null,
        0,
        0,
        0,
        0,
        null,
        0,
        0,
        0,
        null,
        0,
        0,
        0,
        null,
        0
      ],
      "/home/developer/SocialMedia/app/controllers/stories_controller.rb": [
        0,
        0,
        0,
        0,
        null,
        0,
        0,
        0,
        0,
        null,
        0,
        0,
        0,
        0,
        0,
        null,
        0,
        0,
        0,
        null,
        0,
        0,
        0,
        0,
        0,
        0,
        0,
        0,
        0,
        null,
        0,
        0,
        null,
        0,
        0,
        null,
        0,
        null,
        0,
        0,
        0,
        null,
        0,
        0,
        0,
        null,
        0,
        0,
        0,
        0
      ],
      "/home/developer/SocialMedia/app/controllers/users_controller.rb": [
        0,
        0,
        0,
        null,
        0,
        0,
        0,
        null,
        0,
        0,
        0,
        null,
        0,
        0,
        0,
        0,
        0,
        0,
        0,
        null,
        0,
        0,
        0,
        0,
        null,
        0,
        null,
        0,
        0,
        0,
        null,
        0,
        0,
        0,
        0
      ],
      "/home/developer/SocialMedia/app/helpers/application_helper.rb": [
        0,
        null,
        0
      ],
      "/home/developer/SocialMedia/app/helpers/chat_users_helper.rb": [
        0,
        0
      ],
      "/home/developer/SocialMedia/app/helpers/chats_helper.rb": [
        0,
        0
      ],
      "/home/developer/SocialMedia/app/helpers/comment_helper.rb": [
        0,
        0,
        0,
        0,
        0
      ],
      "/home/developer/SocialMedia/app/helpers/like_helper.rb": [
        0,
        0,
        0,
        0,
        0
      ],
      "/home/developer/SocialMedia/app/helpers/messages_helper.rb": [
        0,
        0
      ],
      "/home/developer/SocialMedia/app/helpers/post_helper.rb": [
        0,
        0,
        0,
        0,
        0
      ],
      "/home/developer/SocialMedia/app/helpers/profiles_helper.rb": [
        0,
        0
      ],
      "/home/developer/SocialMedia/app/helpers/story_helper.rb": [
        0,
        0
      ],
      "/home/developer/SocialMedia/app/helpers/user_helper.rb": [
        0,
        0
      ],
      "/home/developer/SocialMedia/app/jobs/application_job.rb": [
        0,
        null,
        null,
        null,
        null,
        null,
        0
      ],
      "/home/developer/SocialMedia/app/mailers/application_mailer.rb": [
        0,
        0,
        0,
        0
      ],
      "/home/developer/SocialMedia/app/models/application_record.rb": [
        0,
        0,
        0
      ],
      "/home/developer/SocialMedia/app/models/chat_user.rb": [
        0,
        0,
        0,
        0
      ],
      "/home/developer/SocialMedia/app/models/like.rb": [
        0,
        0,
        0,
        0
      ],
      "/home/developer/SocialMedia/app/models/message.rb": [
        0,
        0,
        0,
        0
      ],
      "/home/developer/SocialMedia/app/models/user.rb": [
        0,
        0,
        null,
        0,
        null,
        null,
        null,
        0,
        0,
        0,
        0,
        0,
        0,
        0,
        0,
        0,
        null,
        0,
        0,
        0,
        null,
        0
      ]
    },
    "timestamp": 1726030905
  }
}
